09:38:30.890 [main] INFO  c.a.n.c.e.SearchableProperties - [sortPropertySourceDefaultOrder,197] - properties search order:PROPERTIES->JVM->ENV->DEFAULT_SETTING
09:38:30.957 [background-preinit] INFO  o.h.v.i.util.Version - [<clinit>,21] - HV000001: Hibernate Validator 6.2.5.Final
09:38:31.324 [main] INFO  c.a.n.p.a.s.c.ClientAuthPluginManager - [init,56] - [ClientAuthPluginManager] Load ClientAuthService com.alibaba.nacos.client.auth.impl.NacosClientAuthServiceImpl success.
09:38:31.325 [main] INFO  c.a.n.p.a.s.c.ClientAuthPluginManager - [init,56] - [ClientAuthPluginManager] Load ClientAuthService com.alibaba.nacos.client.auth.ram.RamClientAuthServiceImpl success.
09:38:33.545 [main] INFO  c.r.a.AirlineApplication - [logStartupProfileInfo,638] - The following 1 profile is active: "dev"
09:38:33.969 [main] INFO  c.a.n.c.e.SearchableProperties - [sortPropertySourceDefaultOrder,197] - properties search order:PROPERTIES->JVM->ENV->DEFAULT_SETTING
09:38:34.050 [background-preinit] INFO  o.h.v.i.util.Version - [<clinit>,21] - HV000001: Hibernate Validator 6.2.5.Final
09:38:34.448 [main] INFO  c.a.n.p.a.s.c.ClientAuthPluginManager - [init,56] - [ClientAuthPluginManager] Load ClientAuthService com.alibaba.nacos.client.auth.impl.NacosClientAuthServiceImpl success.
09:38:34.448 [main] INFO  c.a.n.p.a.s.c.ClientAuthPluginManager - [init,56] - [ClientAuthPluginManager] Load ClientAuthService com.alibaba.nacos.client.auth.ram.RamClientAuthServiceImpl success.
09:38:35.804 [main] INFO  o.a.c.h.Http11NioProtocol - [log,173] - Initializing ProtocolHandler ["http-nio-9301"]
09:38:35.805 [main] INFO  o.a.c.c.StandardService - [log,173] - Starting service [Tomcat]
09:38:35.805 [main] INFO  o.a.c.c.StandardEngine - [log,173] - Starting Servlet engine: [Apache Tomcat/9.0.83]
09:38:35.955 [main] INFO  o.a.c.c.C.[.[.[/] - [log,173] - Initializing Spring embedded WebApplicationContext
09:38:36.035 [main] INFO  c.a.n.c.e.SearchableProperties - [sortPropertySourceDefaultOrder,197] - properties search order:PROPERTIES->JVM->ENV->DEFAULT_SETTING
09:38:36.113 [background-preinit] INFO  o.h.v.i.util.Version - [<clinit>,21] - HV000001: Hibernate Validator 6.2.5.Final
09:38:36.476 [main] INFO  c.a.n.p.a.s.c.ClientAuthPluginManager - [init,56] - [ClientAuthPluginManager] Load ClientAuthService com.alibaba.nacos.client.auth.impl.NacosClientAuthServiceImpl success.
09:38:36.477 [main] INFO  c.a.n.p.a.s.c.ClientAuthPluginManager - [init,56] - [ClientAuthPluginManager] Load ClientAuthService com.alibaba.nacos.client.auth.ram.RamClientAuthServiceImpl success.
09:38:36.746 [main] INFO  c.r.a.AirlineBApplication - [logStartupProfileInfo,638] - The following 1 profile is active: "dev"
09:38:36.813 [main] INFO  c.a.d.p.DruidDataSource - [init,1009] - {dataSource-1,master} inited
09:38:36.816 [main] INFO  c.b.d.d.DynamicRoutingDataSource - [addDataSource,160] - dynamic-datasource - add a datasource named [master] success
09:38:36.816 [main] INFO  c.b.d.d.DynamicRoutingDataSource - [afterPropertiesSet,243] - dynamic-datasource initial loaded [1] datasource,primary datasource named [master]
09:38:38.031 [main] INFO  c.a.c.s.SentinelWebMvcConfigurer - [addInterceptors,52] - [Sentinel Starter] register SentinelWebInterceptor with urlPatterns: [/**].
09:38:38.739 [main] INFO  c.r.a.AirlineAApplication - [logStartupProfileInfo,638] - The following 1 profile is active: "dev"
09:38:39.124 [main] INFO  o.a.c.h.Http11NioProtocol - [log,173] - Initializing ProtocolHandler ["http-nio-9402"]
09:38:39.125 [main] INFO  o.a.c.c.StandardService - [log,173] - Starting service [Tomcat]
09:38:39.125 [main] INFO  o.a.c.c.StandardEngine - [log,173] - Starting Servlet engine: [Apache Tomcat/9.0.83]
09:38:39.258 [main] INFO  o.a.c.c.C.[.[.[/] - [log,173] - Initializing Spring embedded WebApplicationContext
09:38:39.969 [main] INFO  c.a.d.p.DruidDataSource - [init,1009] - {dataSource-1,master} inited
09:38:39.969 [main] INFO  c.b.d.d.DynamicRoutingDataSource - [addDataSource,160] - dynamic-datasource - add a datasource named [master] success
09:38:39.971 [main] INFO  c.b.d.d.DynamicRoutingDataSource - [afterPropertiesSet,243] - dynamic-datasource initial loaded [1] datasource,primary datasource named [master]
09:38:40.748 [main] INFO  c.a.c.s.SentinelWebMvcConfigurer - [addInterceptors,52] - [Sentinel Starter] register SentinelWebInterceptor with urlPatterns: [/**].
09:38:40.811 [main] INFO  o.a.c.h.Http11NioProtocol - [log,173] - Initializing ProtocolHandler ["http-nio-9401"]
09:38:40.813 [main] INFO  o.a.c.c.StandardService - [log,173] - Starting service [Tomcat]
09:38:40.814 [main] INFO  o.a.c.c.StandardEngine - [log,173] - Starting Servlet engine: [Apache Tomcat/9.0.83]
09:38:40.945 [main] INFO  o.a.c.c.C.[.[.[/] - [log,173] - Initializing Spring embedded WebApplicationContext
09:38:41.608 [main] INFO  c.a.d.p.DruidDataSource - [init,1009] - {dataSource-1,master} inited
09:38:41.609 [main] INFO  c.b.d.d.DynamicRoutingDataSource - [addDataSource,160] - dynamic-datasource - add a datasource named [master] success
09:38:41.609 [main] INFO  c.b.d.d.DynamicRoutingDataSource - [afterPropertiesSet,243] - dynamic-datasource initial loaded [1] datasource,primary datasource named [master]
09:38:42.039 [main] INFO  o.a.c.h.Http11NioProtocol - [log,173] - Starting ProtocolHandler ["http-nio-9301"]
09:38:42.063 [main] INFO  c.a.n.p.a.s.c.ClientAuthPluginManager - [init,56] - [ClientAuthPluginManager] Load ClientAuthService com.alibaba.nacos.client.auth.impl.NacosClientAuthServiceImpl success.
09:38:42.063 [main] INFO  c.a.n.p.a.s.c.ClientAuthPluginManager - [init,56] - [ClientAuthPluginManager] Load ClientAuthService com.alibaba.nacos.client.auth.ram.RamClientAuthServiceImpl success.
09:38:42.196 [main] INFO  c.a.c.n.r.NacosServiceRegistry - [register,76] - nacos registry, DEFAULT_GROUP ruoyi-airline 192.168.124.1:9301 register finished
09:38:42.271 [main] INFO  c.a.c.s.SentinelWebMvcConfigurer - [addInterceptors,52] - [Sentinel Starter] register SentinelWebInterceptor with urlPatterns: [/**].
09:38:43.429 [main] INFO  c.r.a.AirlineApplication - [logStarted,61] - Started AirlineApplication in 13.99 seconds (JVM running for 14.926)
09:38:43.444 [main] INFO  c.a.c.n.r.NacosContextRefresher - [registerNacosListener,129] - [Nacos Config] Listening config: dataId=ruoyi-airline-dev.yml, group=DEFAULT_GROUP
09:38:43.444 [main] INFO  c.a.c.n.r.NacosContextRefresher - [registerNacosListener,129] - [Nacos Config] Listening config: dataId=ruoyi-airline, group=DEFAULT_GROUP
09:38:43.445 [main] INFO  c.a.c.n.r.NacosContextRefresher - [registerNacosListener,129] - [Nacos Config] Listening config: dataId=ruoyi-airline.yml, group=DEFAULT_GROUP
09:38:43.615 [RMI TCP Connection(7)-192.168.48.1] INFO  o.a.c.c.C.[.[.[/] - [log,173] - Initializing Spring DispatcherServlet 'dispatcherServlet'
09:38:44.593 [main] INFO  o.a.c.h.Http11NioProtocol - [log,173] - Starting ProtocolHandler ["http-nio-9402"]
09:38:44.617 [main] INFO  c.a.n.p.a.s.c.ClientAuthPluginManager - [init,56] - [ClientAuthPluginManager] Load ClientAuthService com.alibaba.nacos.client.auth.impl.NacosClientAuthServiceImpl success.
09:38:44.617 [main] INFO  c.a.n.p.a.s.c.ClientAuthPluginManager - [init,56] - [ClientAuthPluginManager] Load ClientAuthService com.alibaba.nacos.client.auth.ram.RamClientAuthServiceImpl success.
09:38:44.754 [main] INFO  c.a.c.n.r.NacosServiceRegistry - [register,76] - nacos registry, DEFAULT_GROUP ruoyi-airline-a 192.168.124.1:9402 register finished
09:38:45.931 [main] INFO  c.r.a.AirlineBApplication - [logStarted,61] - Started AirlineBApplication in 13.521 seconds (JVM running for 14.461)
09:38:45.945 [main] INFO  c.a.c.n.r.NacosContextRefresher - [registerNacosListener,129] - [Nacos Config] Listening config: dataId=ruoyi-airline-a-dev.yml, group=DEFAULT_GROUP
09:38:45.946 [main] INFO  c.a.c.n.r.NacosContextRefresher - [registerNacosListener,129] - [Nacos Config] Listening config: dataId=ruoyi-airline-a, group=DEFAULT_GROUP
09:38:45.946 [main] INFO  c.a.c.n.r.NacosContextRefresher - [registerNacosListener,129] - [Nacos Config] Listening config: dataId=ruoyi-airline-a.yml, group=DEFAULT_GROUP
09:38:46.110 [RMI TCP Connection(6)-192.168.48.1] INFO  o.a.c.c.C.[.[.[/] - [log,173] - Initializing Spring DispatcherServlet 'dispatcherServlet'
09:38:46.209 [main] INFO  o.a.c.h.Http11NioProtocol - [log,173] - Starting ProtocolHandler ["http-nio-9401"]
09:38:46.236 [main] INFO  c.a.n.p.a.s.c.ClientAuthPluginManager - [init,56] - [ClientAuthPluginManager] Load ClientAuthService com.alibaba.nacos.client.auth.impl.NacosClientAuthServiceImpl success.
09:38:46.236 [main] INFO  c.a.n.p.a.s.c.ClientAuthPluginManager - [init,56] - [ClientAuthPluginManager] Load ClientAuthService com.alibaba.nacos.client.auth.ram.RamClientAuthServiceImpl success.
09:38:46.366 [main] INFO  c.a.c.n.r.NacosServiceRegistry - [register,76] - nacos registry, DEFAULT_GROUP ruoyi-airline-a 192.168.124.1:9401 register finished
09:38:47.554 [main] INFO  c.r.a.AirlineAApplication - [logStarted,61] - Started AirlineAApplication in 13.114 seconds (JVM running for 14.179)
09:38:47.566 [main] INFO  c.a.c.n.r.NacosContextRefresher - [registerNacosListener,129] - [Nacos Config] Listening config: dataId=ruoyi-airline-a-dev.yml, group=DEFAULT_GROUP
09:38:47.567 [main] INFO  c.a.c.n.r.NacosContextRefresher - [registerNacosListener,129] - [Nacos Config] Listening config: dataId=ruoyi-airline-a, group=DEFAULT_GROUP
09:38:47.567 [main] INFO  c.a.c.n.r.NacosContextRefresher - [registerNacosListener,129] - [Nacos Config] Listening config: dataId=ruoyi-airline-a.yml, group=DEFAULT_GROUP
09:38:47.928 [RMI TCP Connection(6)-192.168.48.1] INFO  o.a.c.c.C.[.[.[/] - [log,173] - Initializing Spring DispatcherServlet 'dispatcherServlet'
09:48:27.825 [main] INFO  c.a.n.c.e.SearchableProperties - [sortPropertySourceDefaultOrder,197] - properties search order:PROPERTIES->JVM->ENV->DEFAULT_SETTING
09:48:27.886 [background-preinit] INFO  o.h.v.i.util.Version - [<clinit>,21] - HV000001: Hibernate Validator 6.2.5.Final
09:48:28.167 [main] INFO  c.a.n.p.a.s.c.ClientAuthPluginManager - [init,56] - [ClientAuthPluginManager] Load ClientAuthService com.alibaba.nacos.client.auth.impl.NacosClientAuthServiceImpl success.
09:48:28.167 [main] INFO  c.a.n.p.a.s.c.ClientAuthPluginManager - [init,56] - [ClientAuthPluginManager] Load ClientAuthService com.alibaba.nacos.client.auth.ram.RamClientAuthServiceImpl success.
09:48:30.172 [main] INFO  c.r.a.AirlineCApplication - [logStartupProfileInfo,638] - The following 1 profile is active: "dev"
09:48:31.940 [main] INFO  o.a.c.h.Http11NioProtocol - [log,173] - Initializing ProtocolHandler ["http-nio-9403"]
09:48:31.941 [main] INFO  o.a.c.c.StandardService - [log,173] - Starting service [Tomcat]
09:48:31.941 [main] INFO  o.a.c.c.StandardEngine - [log,173] - Starting Servlet engine: [Apache Tomcat/9.0.83]
09:48:32.072 [main] INFO  o.a.c.c.C.[.[.[/] - [log,173] - Initializing Spring embedded WebApplicationContext
09:48:32.788 [main] INFO  c.a.d.p.DruidDataSource - [init,1009] - {dataSource-1,master} inited
09:48:32.789 [main] INFO  c.b.d.d.DynamicRoutingDataSource - [addDataSource,160] - dynamic-datasource - add a datasource named [master] success
09:48:32.789 [main] INFO  c.b.d.d.DynamicRoutingDataSource - [afterPropertiesSet,243] - dynamic-datasource initial loaded [1] datasource,primary datasource named [master]
09:48:33.443 [main] INFO  c.a.c.s.SentinelWebMvcConfigurer - [addInterceptors,52] - [Sentinel Starter] register SentinelWebInterceptor with urlPatterns: [/**].
09:48:37.391 [main] INFO  o.a.c.h.Http11NioProtocol - [log,173] - Starting ProtocolHandler ["http-nio-9403"]
09:48:37.413 [main] INFO  c.a.n.p.a.s.c.ClientAuthPluginManager - [init,56] - [ClientAuthPluginManager] Load ClientAuthService com.alibaba.nacos.client.auth.impl.NacosClientAuthServiceImpl success.
09:48:37.414 [main] INFO  c.a.n.p.a.s.c.ClientAuthPluginManager - [init,56] - [ClientAuthPluginManager] Load ClientAuthService com.alibaba.nacos.client.auth.ram.RamClientAuthServiceImpl success.
09:48:37.551 [main] INFO  c.a.c.n.r.NacosServiceRegistry - [register,76] - nacos registry, DEFAULT_GROUP ruoyi-airline-c 192.168.124.1:9403 register finished
09:48:38.736 [main] INFO  c.r.a.AirlineCApplication - [logStarted,61] - Started AirlineCApplication in 12.366 seconds (JVM running for 13.246)
09:48:38.751 [main] INFO  c.a.c.n.r.NacosContextRefresher - [registerNacosListener,129] - [Nacos Config] Listening config: dataId=ruoyi-airline-c.yml, group=DEFAULT_GROUP
09:48:38.753 [main] INFO  c.a.c.n.r.NacosContextRefresher - [registerNacosListener,129] - [Nacos Config] Listening config: dataId=ruoyi-airline-c-dev.yml, group=DEFAULT_GROUP
09:48:38.753 [main] INFO  c.a.c.n.r.NacosContextRefresher - [registerNacosListener,129] - [Nacos Config] Listening config: dataId=ruoyi-airline-c, group=DEFAULT_GROUP
09:48:39.194 [RMI TCP Connection(2)-192.168.48.1] INFO  o.a.c.c.C.[.[.[/] - [log,173] - Initializing Spring DispatcherServlet 'dispatcherServlet'
09:54:54.150 [SpringApplicationShutdownHook] INFO  c.a.c.n.r.NacosServiceRegistry - [deregister,95] - De-registering from Nacos Server now...
09:54:54.153 [SpringApplicationShutdownHook] INFO  c.a.c.n.r.NacosServiceRegistry - [deregister,115] - De-registration finished.
09:54:54.285 [SpringApplicationShutdownHook] INFO  c.b.d.d.DynamicRoutingDataSource - [destroy,217] - dynamic-datasource start closing ....
09:54:54.287 [SpringApplicationShutdownHook] INFO  c.a.d.p.DruidDataSource - [close,2174] - {dataSource-1} closing ...
09:54:54.291 [SpringApplicationShutdownHook] INFO  c.a.d.p.DruidDataSource - [close,2247] - {dataSource-1} closed
09:54:54.292 [SpringApplicationShutdownHook] INFO  c.b.d.d.d.DefaultDataSourceDestroyer - [destroy,98] - dynamic-datasource close the datasource named [master] success,
09:54:54.292 [SpringApplicationShutdownHook] INFO  c.b.d.d.DynamicRoutingDataSource - [destroy,221] - dynamic-datasource all closed success,bye
09:55:20.483 [main] INFO  c.a.n.c.e.SearchableProperties - [sortPropertySourceDefaultOrder,197] - properties search order:PROPERTIES->JVM->ENV->DEFAULT_SETTING
09:55:20.526 [background-preinit] INFO  o.h.v.i.util.Version - [<clinit>,21] - HV000001: Hibernate Validator 6.2.5.Final
09:55:20.785 [main] INFO  c.a.n.p.a.s.c.ClientAuthPluginManager - [init,56] - [ClientAuthPluginManager] Load ClientAuthService com.alibaba.nacos.client.auth.impl.NacosClientAuthServiceImpl success.
09:55:20.785 [main] INFO  c.a.n.p.a.s.c.ClientAuthPluginManager - [init,56] - [ClientAuthPluginManager] Load ClientAuthService com.alibaba.nacos.client.auth.ram.RamClientAuthServiceImpl success.
09:55:22.791 [main] INFO  c.r.a.AirlineBApplication - [logStartupProfileInfo,638] - The following 1 profile is active: "dev"
09:55:25.269 [main] INFO  o.a.c.h.Http11NioProtocol - [log,173] - Initializing ProtocolHandler ["http-nio-9402"]
09:55:25.272 [main] INFO  o.a.c.c.StandardService - [log,173] - Starting service [Tomcat]
09:55:25.272 [main] INFO  o.a.c.c.StandardEngine - [log,173] - Starting Servlet engine: [Apache Tomcat/9.0.83]
09:55:25.732 [main] INFO  o.a.c.c.C.[.[.[/] - [log,173] - Initializing Spring embedded WebApplicationContext
09:55:26.372 [main] INFO  c.a.d.p.DruidDataSource - [init,1009] - {dataSource-1,master} inited
09:55:26.373 [main] INFO  c.b.d.d.DynamicRoutingDataSource - [addDataSource,160] - dynamic-datasource - add a datasource named [master] success
09:55:26.373 [main] INFO  c.b.d.d.DynamicRoutingDataSource - [afterPropertiesSet,243] - dynamic-datasource initial loaded [1] datasource,primary datasource named [master]
09:55:27.021 [main] INFO  c.a.c.s.SentinelWebMvcConfigurer - [addInterceptors,52] - [Sentinel Starter] register SentinelWebInterceptor with urlPatterns: [/**].
09:55:30.892 [main] INFO  o.a.c.h.Http11NioProtocol - [log,173] - Starting ProtocolHandler ["http-nio-9402"]
09:55:30.916 [main] INFO  c.a.n.p.a.s.c.ClientAuthPluginManager - [init,56] - [ClientAuthPluginManager] Load ClientAuthService com.alibaba.nacos.client.auth.impl.NacosClientAuthServiceImpl success.
09:55:30.916 [main] INFO  c.a.n.p.a.s.c.ClientAuthPluginManager - [init,56] - [ClientAuthPluginManager] Load ClientAuthService com.alibaba.nacos.client.auth.ram.RamClientAuthServiceImpl success.
09:55:31.047 [main] INFO  c.a.c.n.r.NacosServiceRegistry - [register,76] - nacos registry, DEFAULT_GROUP ruoyi-airline-a 192.168.124.1:9402 register finished
09:55:32.234 [main] INFO  c.r.a.AirlineBApplication - [logStarted,61] - Started AirlineBApplication in 13.114 seconds (JVM running for 18.54)
09:55:32.249 [main] INFO  c.a.c.n.r.NacosContextRefresher - [registerNacosListener,129] - [Nacos Config] Listening config: dataId=ruoyi-airline-a-dev.yml, group=DEFAULT_GROUP
09:55:32.251 [main] INFO  c.a.c.n.r.NacosContextRefresher - [registerNacosListener,129] - [Nacos Config] Listening config: dataId=ruoyi-airline-a, group=DEFAULT_GROUP
09:55:32.251 [main] INFO  c.a.c.n.r.NacosContextRefresher - [registerNacosListener,129] - [Nacos Config] Listening config: dataId=ruoyi-airline-a.yml, group=DEFAULT_GROUP
09:55:32.782 [RMI TCP Connection(2)-192.168.48.1] INFO  o.a.c.c.C.[.[.[/] - [log,173] - Initializing Spring DispatcherServlet 'dispatcherServlet'
12:04:07.769 [SpringApplicationShutdownHook] INFO  c.a.c.n.r.NacosServiceRegistry - [deregister,95] - De-registering from Nacos Server now...
12:04:07.772 [SpringApplicationShutdownHook] INFO  c.a.c.n.r.NacosServiceRegistry - [deregister,115] - De-registration finished.
12:04:07.798 [SpringApplicationShutdownHook] INFO  c.a.c.n.r.NacosServiceRegistry - [deregister,95] - De-registering from Nacos Server now...
12:04:07.802 [SpringApplicationShutdownHook] INFO  c.a.c.n.r.NacosServiceRegistry - [deregister,115] - De-registration finished.
12:04:07.835 [SpringApplicationShutdownHook] INFO  c.a.c.n.r.NacosServiceRegistry - [deregister,95] - De-registering from Nacos Server now...
12:04:07.838 [SpringApplicationShutdownHook] INFO  c.a.c.n.r.NacosServiceRegistry - [deregister,115] - De-registration finished.
12:04:07.870 [SpringApplicationShutdownHook] INFO  c.a.c.n.r.NacosServiceRegistry - [deregister,95] - De-registering from Nacos Server now...
12:04:07.873 [SpringApplicationShutdownHook] INFO  c.a.c.n.r.NacosServiceRegistry - [deregister,115] - De-registration finished.
12:04:07.913 [SpringApplicationShutdownHook] INFO  c.b.d.d.DynamicRoutingDataSource - [destroy,217] - dynamic-datasource start closing ....
12:04:07.920 [SpringApplicationShutdownHook] INFO  c.a.d.p.DruidDataSource - [close,2174] - {dataSource-1} closing ...
12:04:07.930 [SpringApplicationShutdownHook] INFO  c.a.d.p.DruidDataSource - [close,2247] - {dataSource-1} closed
12:04:07.930 [SpringApplicationShutdownHook] INFO  c.b.d.d.d.DefaultDataSourceDestroyer - [destroy,98] - dynamic-datasource close the datasource named [master] success,
12:04:07.931 [SpringApplicationShutdownHook] INFO  c.b.d.d.DynamicRoutingDataSource - [destroy,221] - dynamic-datasource all closed success,bye
12:04:07.941 [SpringApplicationShutdownHook] INFO  c.b.d.d.DynamicRoutingDataSource - [destroy,217] - dynamic-datasource start closing ....
12:04:07.947 [SpringApplicationShutdownHook] INFO  c.a.d.p.DruidDataSource - [close,2174] - {dataSource-1} closing ...
12:04:07.954 [SpringApplicationShutdownHook] INFO  c.a.d.p.DruidDataSource - [close,2247] - {dataSource-1} closed
12:04:07.954 [SpringApplicationShutdownHook] INFO  c.b.d.d.d.DefaultDataSourceDestroyer - [destroy,98] - dynamic-datasource close the datasource named [master] success,
12:04:07.956 [SpringApplicationShutdownHook] INFO  c.b.d.d.DynamicRoutingDataSource - [destroy,221] - dynamic-datasource all closed success,bye
12:04:07.986 [SpringApplicationShutdownHook] INFO  c.b.d.d.DynamicRoutingDataSource - [destroy,217] - dynamic-datasource start closing ....
12:04:07.990 [SpringApplicationShutdownHook] INFO  c.a.d.p.DruidDataSource - [close,2174] - {dataSource-1} closing ...
12:04:07.995 [SpringApplicationShutdownHook] INFO  c.a.d.p.DruidDataSource - [close,2247] - {dataSource-1} closed
12:04:07.995 [SpringApplicationShutdownHook] INFO  c.b.d.d.d.DefaultDataSourceDestroyer - [destroy,98] - dynamic-datasource close the datasource named [master] success,
12:04:07.996 [SpringApplicationShutdownHook] INFO  c.b.d.d.DynamicRoutingDataSource - [destroy,221] - dynamic-datasource all closed success,bye
12:04:08.022 [SpringApplicationShutdownHook] INFO  c.b.d.d.DynamicRoutingDataSource - [destroy,217] - dynamic-datasource start closing ....
12:04:08.025 [SpringApplicationShutdownHook] INFO  c.a.d.p.DruidDataSource - [close,2174] - {dataSource-1} closing ...
12:04:08.031 [SpringApplicationShutdownHook] INFO  c.a.d.p.DruidDataSource - [close,2247] - {dataSource-1} closed
12:04:08.031 [SpringApplicationShutdownHook] INFO  c.b.d.d.d.DefaultDataSourceDestroyer - [destroy,98] - dynamic-datasource close the datasource named [master] success,
12:04:08.031 [SpringApplicationShutdownHook] INFO  c.b.d.d.DynamicRoutingDataSource - [destroy,221] - dynamic-datasource all closed success,bye
